TN:
SF:services/iconService.ts
FN:18,readIconsData
FN:60,modifySvgSize
FN:85,searchIcons
FN:91,(anonymous_4)
FN:96,(anonymous_5)
FN:115,getIconContent
FN:201,filterIconsByProvider
FN:203,(anonymous_8)
FN:238,getIconWithCache
FN:243,(anonymous_10)
FN:263,(anonymous_11)
FN:282,(anonymous_12)
FNF:12
FNH:10
FNDA:8,readIconsData
FNDA:4,modifySvgSize
FNDA:7,searchIcons
FNDA:18,(anonymous_4)
FNDA:31,(anonymous_5)
FNDA:4,getIconContent
FNDA:3,filterIconsByProvider
FNDA:6,(anonymous_8)
FNDA:6,getIconWithCache
FNDA:8,(anonymous_10)
FNDA:0,(anonymous_11)
FNDA:0,(anonymous_12)
DA:1,1
DA:2,1
DA:3,1
DA:5,1
DA:6,1
DA:9,1
DA:12,1
DA:16,1
DA:18,1
DA:19,8
DA:20,8
DA:28,8
DA:29,8
DA:30,8
DA:32,8
DA:33,8
DA:35,0
DA:38,8
DA:39,7
DA:40,7
DA:41,7
DA:43,1
DA:48,1
DA:60,1
DA:62,4
DA:63,4
DA:65,4
DA:66,1
DA:67,1
DA:70,3
DA:71,3
DA:74,3
DA:77,3
DA:82,3
DA:85,1
DA:86,7
DA:88,6
DA:89,6
DA:91,6
DA:93,18
DA:96,31
DA:98,18
DA:99,9
DA:101,18
DA:104,6
DA:105,6
DA:109,1
DA:115,1
DA:116,4
DA:118,4
DA:119,4
DA:122,4
DA:123,3
DA:124,3
DA:131,1
DA:132,0
DA:133,0
DA:134,0
DA:135,0
DA:138,0
DA:140,0
DA:146,0
DA:152,1
DA:153,1
DA:154,1
DA:157,1
DA:160,1
DA:163,1
DA:165,1
DA:168,1
DA:169,0
DA:170,0
DA:171,0
DA:172,0
DA:177,1
DA:178,0
DA:179,0
DA:180,0
DA:186,0
DA:191,1
DA:196,0
DA:197,0
DA:201,1
DA:202,3
DA:203,6
DA:207,1
DA:208,1
DA:209,1
DA:210,1
DA:211,1
DA:214,1
DA:215,1
DA:216,0
DA:217,0
DA:218,0
DA:225,0
DA:228,1
DA:238,1
DA:240,6
DA:241,6
DA:242,6
DA:243,6
DA:244,8
DA:249,0
DA:252,0
DA:253,0
DA:254,0
DA:255,0
DA:256,0
DA:259,0
DA:262,0
DA:263,0
DA:264,0
DA:268,0
DA:269,0
DA:270,0
DA:277,0
DA:279,0
DA:281,0
DA:282,0
DA:283,0
LF:121
LH:81
BRDA:12,0,0,0
BRDA:12,0,1,1
BRDA:65,1,0,1
BRDA:65,1,1,3
BRDA:77,2,0,2
BRDA:77,2,1,1
BRDA:86,3,0,1
BRDA:86,3,1,6
BRDA:93,4,0,18
BRDA:93,4,1,13
BRDA:93,4,2,13
BRDA:93,4,3,13
BRDA:98,5,0,9
BRDA:98,5,1,9
BRDA:115,6,0,1
BRDA:122,7,0,3
BRDA:122,7,1,1
BRDA:122,8,0,4
BRDA:122,8,1,4
BRDA:131,9,0,0
BRDA:131,9,1,1
BRDA:131,10,0,1
BRDA:131,10,1,1
BRDA:134,11,0,0
BRDA:134,11,1,0
BRDA:163,12,0,1
BRDA:163,12,1,0
BRDA:168,13,0,0
BRDA:168,13,1,1
BRDA:170,14,0,0
BRDA:170,14,1,0
BRDA:177,15,0,0
BRDA:177,15,1,1
BRDA:202,16,0,1
BRDA:202,16,1,2
BRDA:208,17,0,1
BRDA:208,17,1,1
BRDA:209,18,0,1
BRDA:209,18,1,1
BRDA:210,19,0,1
BRDA:210,19,1,1
BRDA:211,20,0,1
BRDA:211,20,1,1
BRDA:215,21,0,0
BRDA:215,21,1,1
BRDA:215,22,0,1
BRDA:215,22,1,1
BRDA:240,23,0,6
BRDA:240,23,1,0
BRDA:240,24,0,6
BRDA:240,24,1,0
BRDA:244,25,0,8
BRDA:244,25,1,7
BRDA:254,26,0,0
BRDA:254,26,1,0
BRDA:264,27,0,0
BRDA:264,27,1,0
BRDA:268,28,0,0
BRDA:268,28,1,0
BRDA:283,29,0,0
BRDA:283,29,1,0
BRF:61
BRH:41
end_of_record
